<?xml version="1.0" encoding="UTF-8"?>
<!-- Generated by org.testng.reporters.JUnitReportReporter -->
<testsuite hostname="helilshahyars-iMac.local" failures="0" tests="3" name="tests.SeleniumEasyAlertTests" time="19.407" errors="0" timestamp="2021-06-05T12:32:51 EDT" skipped="0">
  <testcase classname="tests.SeleniumEasyAlertTests" name="secondAlertTest" time="5.793"/>
  <system-out/>
  <testcase classname="tests.SeleniumEasyAlertTests" name="firstAlertTest" time="5.156"/>
  <system-out/>
  <testcase classname="tests.SeleniumEasyAlertTests" name="thirdAlertTest" time="8.458"/>
  <system-out/>
</testsuite> <!-- tests.SeleniumEasyAlertTests -->
