<?xml version="1.0" encoding="UTF-8"?>
<!-- Generated by org.testng.reporters.JUnitReportReporter -->
<testsuite hostname="helilshahyars-iMac.local" failures="0" tests="1" name="tests.AmazonYourOrderedItemListTest" time="0.000" errors="0" timestamp="2021-06-05T12:32:51 EDT" skipped="0">
  <testcase classname="tests.AmazonYourOrderedItemListTest" name="f" time="0.000"/>
  <system-out/>
</testsuite> <!-- tests.AmazonYourOrderedItemListTest -->
